# JRE version: OpenJDK Runtime Environment Temurin-17.0.10+7 (17.0.10+7) (build 17.0.10+7)
# Java VM: OpenJDK 64-Bit Server VM Temurin-17.0.10+7 (17.0.10+7, mixed mode, tiered, compressed oops, compressed class ptrs, g1 gc, windows-amd64)
GC Precious Log:
 CPUs: 8 total, 8 available
 Memory: 8064M
 Large Page Support: Disabled
 NUMA Support: Disabled
 Compressed Oops: Enabled (32-bit)
 Heap Region Size: 1M
 Heap Min Capacity: 8M
 Heap Initial Capacity: 128M
 Heap Max Capacity: 2018M
 Pre-touch: Disabled
 Parallel Workers: 8
 Concurrent Workers: 2
 Concurrent Refinement Workers: 8
 Periodic GC: Disabled
Heap:
 garbage-first heap   total 49152K, used 26483K [0x0000000081e00000, 0x0000000100000000)
  region size 1024K, 18 young (18432K), 2 survivors (2048K)
 Metaspace       used 46854K, committed 47168K, reserved 1114112K
  class space    used 5662K, committed 5824K, reserved 1048576K
GC Heap History (20 events):
Event: 4.659 GC heap before
{Heap before GC invocations=6 (full 0):
 garbage-first heap   total 27648K, used 21215K [0x0000000081e00000, 0x0000000100000000)
  region size 1024K, 15 young (15360K), 2 survivors (2048K)
 Metaspace       used 27147K, committed 27392K, reserved 1114112K
  class space    used 2848K, committed 2944K, reserved 1048576K
}
Event: 4.664 GC heap after
{Heap after GC invocations=7 (full 0):
 garbage-first heap   total 27648K, used 8571K [0x0000000081e00000, 0x0000000100000000)
  region size 1024K, 2 young (2048K), 2 survivors (2048K)
 Metaspace       used 27147K, committed 27392K, reserved 1114112K
  class space    used 2848K, committed 2944K, reserved 1048576K
}
Event: 4.848 GC heap before
{Heap before GC invocations=7 (full 0):
 garbage-first heap   total 27648K, used 19835K [0x0000000081e00000, 0x0000000100000000)
  region size 1024K, 14 young (14336K), 2 survivors (2048K)
 Metaspace       used 28338K, committed 28544K, reserved 1114112K
  class space    used 3027K, committed 3136K, reserved 1048576K
}
Event: 4.852 GC heap after
{Heap after GC invocations=8 (full 0):
 garbage-first heap   total 27648K, used 8989K [0x0000000081e00000, 0x0000000100000000)
  region size 1024K, 2 young (2048K), 2 survivors (2048K)
 Metaspace       used 28338K, committed 28544K, reserved 1114112K
  class space    used 3027K, committed 3136K, reserved 1048576K
}
Event: 5.064 GC heap before
{Heap before GC invocations=8 (full 0):
 garbage-first heap   total 27648K, used 21277K [0x0000000081e00000, 0x0000000100000000)
  region size 1024K, 14 young (14336K), 2 survivors (2048K)
 Metaspace       used 29587K, committed 29824K, reserved 1114112K
  class space    used 3201K, committed 3328K, reserved 1048576K
}
Event: 5.067 GC heap after
{Heap after GC invocations=9 (full 0):
 garbage-first heap   total 27648K, used 9072K [0x0000000081e00000, 0x0000000100000000)
  region size 1024K, 2 young (2048K), 2 survivors (2048K)
 Metaspace       used 29587K, committed 29824K, reserved 1114112K
  class space    used 3201K, committed 3328K, reserved 1048576K
}
Event: 5.189 GC heap before
{Heap before GC invocations=9 (full 0):
 garbage-first heap   total 27648K, used 20336K [0x0000000081e00000, 0x0000000100000000)
  region size 1024K, 14 young (14336K), 2 survivors (2048K)
 Metaspace       used 30718K, committed 30912K, reserved 1114112K
  class space    used 3282K, committed 3392K, reserved 1048576K
}
Event: 5.195 GC heap after
{Heap after GC invocations=10 (full 0):
 garbage-first heap   total 79872K, used 9201K [0x0000000081e00000, 0x0000000100000000)
  region size 1024K, 1 young (1024K), 1 survivors (1024K)
 Metaspace       used 30718K, committed 30912K, reserved 1114112K
  class space    used 3282K, committed 3392K, reserved 1048576K
}
Event: 5.758 GC heap before
{Heap before GC invocations=10 (full 0):
 garbage-first heap   total 79872K, used 55281K [0x0000000081e00000, 0x0000000100000000)
  region size 1024K, 46 young (47104K), 1 survivors (1024K)
 Metaspace       used 34914K, committed 35136K, reserved 1114112K
  class space    used 3808K, committed 3904K, reserved 1048576K
}
Event: 5.761 GC heap after
{Heap after GC invocations=11 (full 0):
 garbage-first heap   total 79872K, used 9455K [0x0000000081e00000, 0x0000000100000000)
  region size 1024K, 1 young (1024K), 1 survivors (1024K)
 Metaspace       used 34914K, committed 35136K, reserved 1114112K
  class space    used 3808K, committed 3904K, reserved 1048576K
}
Event: 6.001 GC heap before
{Heap before GC invocations=11 (full 0):
 garbage-first heap   total 79872K, used 19695K [0x0000000081e00000, 0x0000000100000000)
  region size 1024K, 12 young (12288K), 1 survivors (1024K)
 Metaspace       used 35817K, committed 35968K, reserved 1114112K
  class space    used 3965K, committed 4032K, reserved 1048576K
}
Event: 6.004 GC heap after
{Heap after GC invocations=12 (full 0):
 garbage-first heap   total 79872K, used 9737K [0x0000000081e00000, 0x0000000100000000)
  region size 1024K, 2 young (2048K), 2 survivors (2048K)
 Metaspace       used 35817K, committed 35968K, reserved 1114112K
  class space    used 3965K, committed 4032K, reserved 1048576K
}
Event: 6.590 GC heap before
{Heap before GC invocations=13 (full 0):
 garbage-first heap   total 40960K, used 32265K [0x0000000081e00000, 0x0000000100000000)
  region size 1024K, 24 young (24576K), 2 survivors (2048K)
 Metaspace       used 38013K, committed 38336K, reserved 1114112K
  class space    used 4254K, committed 4416K, reserved 1048576K
}
Event: 6.596 GC heap after
{Heap after GC invocations=14 (full 0):
 garbage-first heap   total 40960K, used 10020K [0x0000000081e00000, 0x0000000100000000)
  region size 1024K, 2 young (2048K), 2 survivors (2048K)
 Metaspace       used 38013K, committed 38336K, reserved 1114112K
  class space    used 4254K, committed 4416K, reserved 1048576K
}
Event: 7.008 GC heap before
{Heap before GC invocations=14 (full 0):
 garbage-first heap   total 40960K, used 31524K [0x0000000081e00000, 0x0000000100000000)
  region size 1024K, 24 young (24576K), 2 survivors (2048K)
 Metaspace       used 41225K, committed 41472K, reserved 1114112K
  class space    used 4743K, committed 4864K, reserved 1048576K
}
Event: 7.013 GC heap after
{Heap after GC invocations=15 (full 0):
 garbage-first heap   total 40960K, used 10466K [0x0000000081e00000, 0x0000000100000000)
  region size 1024K, 2 young (2048K), 2 survivors (2048K)
 Metaspace       used 41225K, committed 41472K, reserved 1114112K
  class space    used 4743K, committed 4864K, reserved 1048576K
}
Event: 7.462 GC heap before
{Heap before GC invocations=15 (full 0):
 garbage-first heap   total 40960K, used 31970K [0x0000000081e00000, 0x0000000100000000)
  region size 1024K, 23 young (23552K), 2 survivors (2048K)
 Metaspace       used 43149K, committed 43392K, reserved 1114112K
  class space    used 5114K, committed 5248K, reserved 1048576K
}
Event: 7.467 GC heap after
{Heap after GC invocations=16 (full 0):
 garbage-first heap   total 40960K, used 10720K [0x0000000081e00000, 0x0000000100000000)
  region size 1024K, 2 young (2048K), 2 survivors (2048K)
 Metaspace       used 43149K, committed 43392K, reserved 1114112K
  class space    used 5114K, committed 5248K, reserved 1048576K
}
Event: 7.891 GC heap before
{Heap before GC invocations=16 (full 0):
 garbage-first heap   total 40960K, used 32224K [0x0000000081e00000, 0x0000000100000000)
  region size 1024K, 24 young (24576K), 2 survivors (2048K)
 Metaspace       used 45325K, committed 45568K, reserved 1114112K
  class space    used 5436K, committed 5568K, reserved 1048576K
}
Event: 7.897 GC heap after
{Heap after GC invocations=17 (full 0):
 garbage-first heap   total 49152K, used 11123K [0x0000000081e00000, 0x0000000100000000)
  region size 1024K, 2 young (2048K), 2 survivors (2048K)
 Metaspace       used 45325K, committed 45568K, reserved 1114112K
  class space    used 5436K, committed 5568K, reserved 1048576K
}

