# JRE version: OpenJDK Runtime Environment Temurin-17.0.10+7 (17.0.10+7) (build 17.0.10+7)
# Java VM: OpenJDK 64-Bit Server VM Temurin-17.0.10+7 (17.0.10+7, mixed mode, tiered, compressed oops, compressed class ptrs, g1 gc, windows-amd64)
GC Precious Log:
 CPUs: 8 total, 8 available
 Memory: 8064M
 Large Page Support: Disabled
 NUMA Support: Disabled
 Compressed Oops: Enabled (32-bit)
 Heap Region Size: 1M
 Heap Min Capacity: 8M
 Heap Initial Capacity: 128M
 Heap Max Capacity: 2018M
 Pre-touch: Disabled
 Parallel Workers: 8
 Concurrent Workers: 2
 Concurrent Refinement Workers: 8
 Periodic GC: Disabled
Heap:
 garbage-first heap   total 64512K, used 21534K [0x0000000081e00000, 0x0000000100000000)
  region size 1024K, 13 young (13312K), 1 survivors (1024K)
 Metaspace       used 42289K, committed 42560K, reserved 1114112K
  class space    used 4971K, committed 5120K, reserved 1048576K
GC Heap History (20 events):
Event: 2.139 GC heap before
{Heap before GC invocations=5 (full 0):
 garbage-first heap   total 27648K, used 7954K [0x0000000081e00000, 0x0000000100000000)
  region size 1024K, 2 young (2048K), 1 survivors (1024K)
 Metaspace       used 22799K, committed 23040K, reserved 1114112K
  class space    used 2332K, committed 2432K, reserved 1048576K
}
Event: 2.143 GC heap after
{Heap after GC invocations=6 (full 0):
 garbage-first heap   total 27648K, used 6935K [0x0000000081e00000, 0x0000000100000000)
  region size 1024K, 1 young (1024K), 1 survivors (1024K)
 Metaspace       used 22799K, committed 23040K, reserved 1114112K
  class space    used 2332K, committed 2432K, reserved 1048576K
}
Event: 2.812 GC heap before
{Heap before GC invocations=6 (full 0):
 garbage-first heap   total 27648K, used 21271K [0x0000000081e00000, 0x0000000100000000)
  region size 1024K, 15 young (15360K), 1 survivors (1024K)
 Metaspace       used 25468K, committed 25728K, reserved 1114112K
  class space    used 2651K, committed 2752K, reserved 1048576K
}
Event: 2.815 GC heap after
{Heap after GC invocations=7 (full 0):
 garbage-first heap   total 27648K, used 7560K [0x0000000081e00000, 0x0000000100000000)
  region size 1024K, 2 young (2048K), 2 survivors (2048K)
 Metaspace       used 25468K, committed 25728K, reserved 1114112K
  class space    used 2651K, committed 2752K, reserved 1048576K
}
Event: 3.014 GC heap before
{Heap before GC invocations=7 (full 0):
 garbage-first heap   total 27648K, used 20872K [0x0000000081e00000, 0x0000000100000000)
  region size 1024K, 15 young (15360K), 2 survivors (2048K)
 Metaspace       used 27090K, committed 27264K, reserved 1114112K
  class space    used 2844K, committed 2944K, reserved 1048576K
}
Event: 3.017 GC heap after
{Heap after GC invocations=8 (full 0):
 garbage-first heap   total 27648K, used 8434K [0x0000000081e00000, 0x0000000100000000)
  region size 1024K, 2 young (2048K), 2 survivors (2048K)
 Metaspace       used 27090K, committed 27264K, reserved 1114112K
  class space    used 2844K, committed 2944K, reserved 1048576K
}
Event: 3.192 GC heap before
{Heap before GC invocations=8 (full 0):
 garbage-first heap   total 27648K, used 19698K [0x0000000081e00000, 0x0000000100000000)
  region size 1024K, 14 young (14336K), 2 survivors (2048K)
 Metaspace       used 28335K, committed 28544K, reserved 1114112K
  class space    used 3029K, committed 3136K, reserved 1048576K
}
Event: 3.200 GC heap after
{Heap after GC invocations=9 (full 0):
 garbage-first heap   total 27648K, used 8540K [0x0000000081e00000, 0x0000000100000000)
  region size 1024K, 1 young (1024K), 1 survivors (1024K)
 Metaspace       used 28335K, committed 28544K, reserved 1114112K
  class space    used 3029K, committed 3136K, reserved 1048576K
}
Event: 3.419 GC heap before
{Heap before GC invocations=9 (full 0):
 garbage-first heap   total 27648K, used 19804K [0x0000000081e00000, 0x0000000100000000)
  region size 1024K, 13 young (13312K), 1 survivors (1024K)
 Metaspace       used 29543K, committed 29760K, reserved 1114112K
  class space    used 3195K, committed 3328K, reserved 1048576K
}
Event: 3.423 GC heap after
{Heap after GC invocations=10 (full 0):
 garbage-first heap   total 79872K, used 8861K [0x0000000081e00000, 0x0000000100000000)
  region size 1024K, 2 young (2048K), 2 survivors (2048K)
 Metaspace       used 29543K, committed 29760K, reserved 1114112K
  class space    used 3195K, committed 3328K, reserved 1048576K
}
Event: 3.868 GC heap before
{Heap before GC invocations=10 (full 0):
 garbage-first heap   total 79872K, used 53917K [0x0000000081e00000, 0x0000000100000000)
  region size 1024K, 46 young (47104K), 2 survivors (2048K)
 Metaspace       used 33674K, committed 33856K, reserved 1114112K
  class space    used 3615K, committed 3712K, reserved 1048576K
}
Event: 3.873 GC heap after
{Heap after GC invocations=11 (full 0):
 garbage-first heap   total 79872K, used 9143K [0x0000000081e00000, 0x0000000100000000)
  region size 1024K, 2 young (2048K), 2 survivors (2048K)
 Metaspace       used 33674K, committed 33856K, reserved 1114112K
  class space    used 3615K, committed 3712K, reserved 1048576K
}
Event: 4.270 GC heap before
{Heap before GC invocations=11 (full 0):
 garbage-first heap   total 79872K, used 34743K [0x0000000081e00000, 0x0000000100000000)
  region size 1024K, 28 young (28672K), 2 survivors (2048K)
 Metaspace       used 35913K, committed 36096K, reserved 1114112K
  class space    used 3973K, committed 4096K, reserved 1048576K
}
Event: 4.275 GC heap after
{Heap after GC invocations=12 (full 0):
 garbage-first heap   total 79872K, used 9709K [0x0000000081e00000, 0x0000000100000000)
  region size 1024K, 3 young (3072K), 3 survivors (3072K)
 Metaspace       used 35913K, committed 36096K, reserved 1114112K
  class space    used 3973K, committed 4096K, reserved 1048576K
}
Event: 4.626 GC heap before
{Heap before GC invocations=13 (full 0):
 garbage-first heap   total 40960K, used 31213K [0x0000000081e00000, 0x0000000100000000)
  region size 1024K, 24 young (24576K), 3 survivors (3072K)
 Metaspace       used 38052K, committed 38336K, reserved 1114112K
  class space    used 4259K, committed 4416K, reserved 1048576K
}
Event: 4.631 GC heap after
{Heap after GC invocations=14 (full 0):
 garbage-first heap   total 40960K, used 10025K [0x0000000081e00000, 0x0000000100000000)
  region size 1024K, 2 young (2048K), 2 survivors (2048K)
 Metaspace       used 38052K, committed 38336K, reserved 1114112K
  class space    used 4259K, committed 4416K, reserved 1048576K
}
Event: 4.650 GC heap before
{Heap before GC invocations=14 (full 0):
 garbage-first heap   total 40960K, used 10025K [0x0000000081e00000, 0x0000000100000000)
  region size 1024K, 3 young (3072K), 2 survivors (2048K)
 Metaspace       used 38131K, committed 38400K, reserved 1114112K
  class space    used 4275K, committed 4416K, reserved 1048576K
}
Event: 4.654 GC heap after
{Heap after GC invocations=15 (full 0):
 garbage-first heap   total 40960K, used 10146K [0x0000000081e00000, 0x0000000100000000)
  region size 1024K, 1 young (1024K), 1 survivors (1024K)
 Metaspace       used 38131K, committed 38400K, reserved 1114112K
  class space    used 4275K, committed 4416K, reserved 1048576K
}
Event: 4.976 GC heap before
{Heap before GC invocations=15 (full 0):
 garbage-first heap   total 40960K, used 30626K [0x0000000081e00000, 0x0000000100000000)
  region size 1024K, 22 young (22528K), 1 survivors (1024K)
 Metaspace       used 41243K, committed 41472K, reserved 1114112K
  class space    used 4748K, committed 4864K, reserved 1048576K
}
Event: 4.979 GC heap after
{Heap after GC invocations=16 (full 0):
 garbage-first heap   total 64512K, used 10270K [0x0000000081e00000, 0x0000000100000000)
  region size 1024K, 1 young (1024K), 1 survivors (1024K)
 Metaspace       used 41243K, committed 41472K, reserved 1114112K
  class space    used 4748K, committed 4864K, reserved 1048576K
}

